CooKit_Source_Code/app/build/intermediates/manifest_merge_blame_file/debug/manifest-merger-blame-debug-report.txt
1<?xml version="1.0" encoding="utf-8"?>
2<manifest xmlns:android="http://schemas.android.com/apk/res/android"
3    package="com.example.cookit"
4    android:versionCode="1"
5    android:versionName="1.0" >
6
7    <uses-sdk
8        android:minSdkVersion="21"
8-->src\main\AndroidManifest.xml
9        android:targetSdkVersion="32" />
9-->src\main\AndroidManifest.xml
10
11    <uses-permission android:name="android.permission.INTERNET" />
11-->src\main\AndroidManifest.xml:5:5-67
11-->src\main\AndroidManifest.xml:5:22-64
12
13    <application
13-->src\main\AndroidManifest.xml:7:5-32:19
14        android:allowBackup="true"
14-->src\main\AndroidManifest.xml:8:9-35
15        android:appComponentFactory="androidx.core.app.CoreComponentFactory"
15-->[androidx.core:core:1.7.0] AndroidManifest.xml:24:18-86
16        android:debuggable="true"
17        android:icon="@drawable/ic_launcher_playstore"
17-->src\main\AndroidManifest.xml:9:9-55
18        android:label="@string/app_name"
18-->src\main\AndroidManifest.xml:10:9-41
19        android:roundIcon="@drawable/ic_launcher_playstore"
19-->src\main\AndroidManifest.xml:11:9-60
20        android:supportsRtl="true"
20-->src\main\AndroidManifest.xml:12:9-35
21        android:testOnly="true"
22        android:theme="@style/Theme.CooKit" >
22-->src\main\AndroidManifest.xml:13:9-44
23        <activity
23-->src\main\AndroidManifest.xml:14:9-16:40
24            android:name="com.example.cookit.FinalPage"
24-->src\main\AndroidManifest.xml:15:13-38
25            android:exported="false" />
25-->src\main\AndroidManifest.xml:16:13-37
26        <activity
26-->src\main\AndroidManifest.xml:17:9-19:40
27            android:name="com.example.cookit.RecipeDetailsActivity"
27-->src\main\AndroidManifest.xml:18:13-50
28            android:exported="false" />
28-->src\main\AndroidManifest.xml:19:13-37
29        <activity
29-->src\main\AndroidManifest.xml:20:9-22:40
30            android:name="com.example.cookit.HomeScreen"
30-->src\main\AndroidManifest.xml:21:13-39
31            android:exported="false" />
31-->src\main\AndroidManifest.xml:22:13-37
32        <activity
32-->src\main\AndroidManifest.xml:23:9-31:20
33            android:name="com.example.cookit.MainActivity"
33-->src\main\AndroidManifest.xml:24:13-41
34            android:exported="true" >
34-->src\main\AndroidManifest.xml:25:13-36
35            <intent-filter>
35-->src\main\AndroidManifest.xml:26:13-30:29
36                <action android:name="android.intent.action.MAIN" />
36-->src\main\AndroidManifest.xml:27:17-69
36-->src\main\AndroidManifest.xml:27:25-66
37
38                <category android:name="android.intent.category.LAUNCHER" />
38-->src\main\AndroidManifest.xml:29:17-77
38-->src\main\AndroidManifest.xml:29:27-74
39            </intent-filter>
40        </activity>
41
42        <provider
42-->[com.squareup.picasso:picasso:2.8] AndroidManifest.xml:8:9-11:40
43            android:name="com.squareup.picasso.PicassoProvider"
43-->[com.squareup.picasso:picasso:2.8] AndroidManifest.xml:9:13-64
44            android:authorities="com.example.cookit.com.squareup.picasso"
44-->[com.squareup.picasso:picasso:2.8] AndroidManifest.xml:10:13-72
45            android:exported="false" />
45-->[com.squareup.picasso:picasso:2.8] AndroidManifest.xml:11:13-37
46        <provider
46-->[androidx.emoji2:emoji2:1.0.0] AndroidManifest.xml:26:9-34:20
47            android:name="androidx.startup.InitializationProvider"
47-->[androidx.emoji2:emoji2:1.0.0] AndroidManifest.xml:27:13-67
48            android:authorities="com.example.cookit.androidx-startup"
48-->[androidx.emoji2:emoji2:1.0.0] AndroidManifest.xml:28:13-68
49            android:exported="false" >
49-->[androidx.emoji2:emoji2:1.0.0] AndroidManifest.xml:29:13-37
50            <meta-data
50-->[androidx.emoji2:emoji2:1.0.0] AndroidManifest.xml:31:13-33:52
51                android:name="androidx.emoji2.text.EmojiCompatInitializer"
51-->[androidx.emoji2:emoji2:1.0.0] AndroidManifest.xml:32:17-75
52                android:value="androidx.startup" />
52-->[androidx.emoji2:emoji2:1.0.0] AndroidManifest.xml:33:17-49
53            <meta-data
53-->[androidx.lifecycle:lifecycle-process:2.4.0] AndroidManifest.xml:31:13-33:52
54                android:name="androidx.lifecycle.ProcessLifecycleInitializer"
54-->[androidx.lifecycle:lifecycle-process:2.4.0] AndroidManifest.xml:32:17-78
55                android:value="androidx.startup" />
55-->[androidx.lifecycle:lifecycle-process:2.4.0] AndroidManifest.xml:33:17-49
56        </provider>
57    </application>
58
59</manifest>